2024-03-07 17:38:29,379: root: INFO: BuyOnDrop : Executing the initialize lifecycle method
2024-03-07 17:38:30,552: root: INFO: BuyOnDrop : Executing the before_starting_trading lifecycle method
2024-03-07 17:38:30,875: root: INFO: BuyOnDrop : Strategy will start running at: 2024-03-07 17:38:31
2024-03-07 17:38:40,598: root: INFO: BuyOnDrop : Executing the on_trading_iteration lifecycle method at 2024-03-07 17:38:40
2024-03-07 17:38:43,922: root: INFO: BuyOnDrop : Trading iteration ended at 2024-03-07 17:38:43, next run time scheduled at 2024-03-07 17:38:44
2024-03-07 17:38:53,528: root: INFO: BuyOnDrop : Executing the on_trading_iteration lifecycle method at 2024-03-07 17:38:53
2024-03-07 17:38:53,624: root: INFO: BuyOnDrop : Trading iteration ended at 2024-03-07 17:38:53, next run time scheduled at 2024-03-07 17:38:54
2024-03-07 17:39:03,839: root: INFO: BuyOnDrop : Executing the on_trading_iteration lifecycle method at 2024-03-07 17:39:03
2024-03-07 17:39:03,953: root: INFO: BuyOnDrop : Trading iteration ended at 2024-03-07 17:39:03, next run time scheduled at 2024-03-07 17:39:04
2024-03-07 17:39:13,604: root: INFO: BuyOnDrop : Executing the on_trading_iteration lifecycle method at 2024-03-07 17:39:13
2024-03-07 17:39:13,794: root: INFO: BuyOnDrop : Trading iteration ended at 2024-03-07 17:39:13, next run time scheduled at 2024-03-07 17:39:14
2024-03-07 17:39:13,904: root: INFO: market order of | 109 NVDA buy | with status pending_new was sent to broker alpaca
2024-03-07 17:39:13,904: root: INFO: Unhandled type event pending_new for market order of | 109 NVDA buy | with status pending_new
2024-03-07 17:39:13,996: root: INFO: New market order of | 109 NVDA buy | with status pending_new was submitted.
2024-03-07 17:39:14,004: root: INFO: BuyOnDrop : Executing the on_new_order event method
2024-03-07 17:39:14,438: root: INFO: Partial Fill Transaction: buy 96 of NVDA at $917.02 per share
2024-03-07 17:39:14,438: root: INFO: market order of | 109 NVDA buy | with status new was partially filled
2024-03-07 17:39:14,911: root: INFO: Partial Fill Transaction: buy 1 of NVDA at $917.02 per share
2024-03-07 17:39:14,911: root: INFO: market order of | 109 NVDA buy | with status partial_fill was partially filled
2024-03-07 17:39:15,007: root: INFO: BuyOnDrop : Executing the on_partially_filled_order event method
2024-03-07 17:39:15,008: root: INFO: BuyOnDrop : Executing the on_partially_filled_order event method
2024-03-07 17:39:15,259: root: INFO: Partial Fill Transaction: buy 1 of NVDA at $917.02 per share
2024-03-07 17:39:15,259: root: INFO: market order of | 109 NVDA buy | with status partial_fill was partially filled
2024-03-07 17:39:15,702: root: INFO: Filled Transaction: buy 11 of NVDA at 917.02000000 USD per share
2024-03-07 17:39:15,702: root: INFO: market order of | 109 NVDA buy | with status partial_fill was filled
2024-03-07 17:39:16,012: root: INFO: BuyOnDrop : Executing the on_partially_filled_order event method
2024-03-07 17:39:16,013: root: INFO: BuyOnDrop : Executing the on_filled_order event method
2024-03-07 17:39:16,095: root: INFO: New market order of | 109 NVDA buy | with status partially_filled was submitted.
2024-03-07 17:39:25,662: root: INFO: BuyOnDrop : Executing the on_trading_iteration lifecycle method at 2024-03-07 17:39:25
2024-03-07 17:39:25,764: root: INFO: BuyOnDrop : Trading iteration ended at 2024-03-07 17:39:25, next run time scheduled at 2024-03-07 17:39:26
2024-03-07 17:39:35,428: root: INFO: BuyOnDrop : Executing the on_trading_iteration lifecycle method at 2024-03-07 17:39:35
2024-03-07 17:39:35,626: root: INFO: BuyOnDrop : Trading iteration ended at 2024-03-07 17:39:35, next run time scheduled at 2024-03-07 17:39:36
2024-03-07 17:39:35,737: root: INFO: market order of | 109 NVDA sell | with status pending_new was sent to broker alpaca
2024-03-07 17:39:35,737: root: INFO: Unhandled type event pending_new for market order of | 109 NVDA sell | with status pending_new
2024-03-07 17:39:35,746: root: INFO: New market order of | 109 NVDA sell | with status pending_new was submitted.
2024-03-07 17:39:36,002: root: INFO: BuyOnDrop : Executing the on_new_order event method
2024-03-07 17:39:36,017: root: INFO: Partial Fill Transaction: sell 19 of NVDA at $916.79 per share
2024-03-07 17:39:36,017: root: INFO: market order of | 109 NVDA sell | with status new was partially filled
2024-03-07 17:39:36,087: root: INFO: BuyOnDrop : Executing the on_partially_filled_order event method
2024-03-07 17:39:36,448: root: INFO: Filled Transaction: sell 90 of NVDA at 916.79000000 USD per share
2024-03-07 17:39:36,448: root: INFO: market order of | 109 NVDA sell | with status partial_fill was filled
2024-03-07 17:39:36,449: root: INFO: Position 0.000000 shares of NVDA liquidated
2024-03-07 17:39:36,928: root: INFO: New market order of | 109 NVDA sell | with status partially_filled was submitted.
2024-03-07 17:39:36,929: root: INFO: market order of | 109 NVDA buy | with status new was canceled.
2024-03-07 17:39:36,929: root: INFO: BuyOnDrop : Executing the on_filled_order event method
2024-03-07 17:39:36,929: root: INFO: BuyOnDrop : Executing the on_canceled_order event method
2024-03-07 17:39:45,571: root: INFO: BuyOnDrop : Executing the on_trading_iteration lifecycle method at 2024-03-07 17:39:45
2024-03-07 17:39:45,671: root: INFO: BuyOnDrop : Trading iteration ended at 2024-03-07 17:39:45, next run time scheduled at 2024-03-07 17:39:46
2024-03-07 17:39:55,440: root: INFO: BuyOnDrop : Executing the on_trading_iteration lifecycle method at 2024-03-07 17:39:55
2024-03-07 17:39:55,539: root: INFO: BuyOnDrop : Trading iteration ended at 2024-03-07 17:39:55, next run time scheduled at 2024-03-07 17:39:56
2024-03-07 17:40:05,587: root: INFO: BuyOnDrop : Executing the on_trading_iteration lifecycle method at 2024-03-07 17:40:05
2024-03-07 17:40:06,104: root: INFO: BuyOnDrop : Trading iteration ended at 2024-03-07 17:40:06, next run time scheduled at 2024-03-07 17:40:07
2024-03-07 17:40:06,225: root: INFO: market order of | 109 NVDA buy | with status pending_new was sent to broker alpaca
2024-03-07 17:40:06,226: root: INFO: Unhandled type event pending_new for market order of | 109 NVDA buy | with status pending_new
2024-03-07 17:40:06,227: root: INFO: New market order of | 109 NVDA buy | with status pending_new was submitted.
2024-03-07 17:40:06,682: root: INFO: Filled Transaction: buy 109 of NVDA at 915.99000000 USD per share
2024-03-07 17:40:06,682: root: INFO: market order of | 109 NVDA buy | with status new was filled
2024-03-07 17:40:07,005: root: INFO: BuyOnDrop : Executing the on_new_order event method
2024-03-07 17:40:07,005: root: INFO: BuyOnDrop : Executing the on_filled_order event method
2024-03-07 17:40:16,522: root: INFO: BuyOnDrop : Executing the on_trading_iteration lifecycle method at 2024-03-07 17:40:16
2024-03-07 17:40:16,625: root: INFO: BuyOnDrop : Trading iteration ended at 2024-03-07 17:40:16, next run time scheduled at 2024-03-07 17:40:17
2024-03-07 17:40:16,759: root: INFO: market order of | 109 NVDA sell | with status pending_new was sent to broker alpaca
2024-03-07 17:40:16,760: root: INFO: Unhandled type event pending_new for market order of | 109 NVDA sell | with status pending_new
2024-03-07 17:40:16,766: root: INFO: New market order of | 109 NVDA sell | with status pending_new was submitted.
2024-03-07 17:40:17,004: root: INFO: BuyOnDrop : Executing the on_new_order event method
2024-03-07 17:40:17,582: root: INFO: Partial Fill Transaction: sell 72 of NVDA at $916.34 per share
2024-03-07 17:40:17,582: root: INFO: market order of | 109 NVDA sell | with status new was partially filled
2024-03-07 17:40:17,966: root: INFO: Filled Transaction: sell 37 of NVDA at 916.34000000 USD per share
2024-03-07 17:40:17,967: root: INFO: market order of | 109 NVDA sell | with status partial_fill was filled
2024-03-07 17:40:17,967: root: INFO: Position 0.000000 shares of NVDA liquidated
2024-03-07 17:40:18,227: root: INFO: BuyOnDrop : Executing the on_partially_filled_order event method
2024-03-07 17:40:18,227: root: INFO: BuyOnDrop : Executing the on_filled_order event method
2024-03-07 17:40:18,309: root: INFO: New market order of | 109 NVDA sell | with status partially_filled was submitted.
2024-03-07 17:40:18,310: root: INFO: market order of | 109 NVDA sell | with status new was canceled.
2024-03-07 17:40:18,310: root: INFO: BuyOnDrop : Executing the on_canceled_order event method
2024-03-07 17:40:27,507: root: INFO: BuyOnDrop : Executing the on_trading_iteration lifecycle method at 2024-03-07 17:40:27
2024-03-07 17:40:27,616: root: INFO: BuyOnDrop : Trading iteration ended at 2024-03-07 17:40:27, next run time scheduled at 2024-03-07 17:40:28
2024-03-07 17:40:37,606: root: INFO: BuyOnDrop : Executing the on_trading_iteration lifecycle method at 2024-03-07 17:40:37
2024-03-07 17:40:37,752: root: INFO: BuyOnDrop : Trading iteration ended at 2024-03-07 17:40:37, next run time scheduled at 2024-03-07 17:40:38
2024-03-07 17:40:47,792: root: INFO: BuyOnDrop : Executing the on_trading_iteration lifecycle method at 2024-03-07 17:40:47
2024-03-07 17:40:48,054: root: INFO: BuyOnDrop : Trading iteration ended at 2024-03-07 17:40:48, next run time scheduled at 2024-03-07 17:40:49
2024-03-07 17:40:58,610: root: INFO: BuyOnDrop : Executing the on_trading_iteration lifecycle method at 2024-03-07 17:40:58
2024-03-07 17:40:58,879: root: INFO: BuyOnDrop : Trading iteration ended at 2024-03-07 17:40:58, next run time scheduled at 2024-03-07 17:40:59
2024-03-07 17:40:58,988: root: INFO: market order of | 109 NVDA buy | with status pending_new was sent to broker alpaca
2024-03-07 17:40:58,988: root: INFO: Unhandled type event pending_new for market order of | 109 NVDA buy | with status pending_new
2024-03-07 17:40:58,989: root: INFO: New market order of | 109 NVDA buy | with status pending_new was submitted.
2024-03-07 17:40:59,005: root: INFO: BuyOnDrop : Executing the on_new_order event method
2024-03-07 17:40:59,091: root: INFO: Filled Transaction: buy 109 of NVDA at 917.14000000 USD per share
2024-03-07 17:40:59,092: root: INFO: market order of | 109 NVDA buy | with status new was filled
2024-03-07 17:40:59,373: root: INFO: BuyOnDrop : Executing the on_filled_order event method
2024-03-07 17:41:08,571: root: INFO: BuyOnDrop : Executing the on_trading_iteration lifecycle method at 2024-03-07 17:41:08
2024-03-07 17:41:08,672: root: INFO: BuyOnDrop : Trading iteration ended at 2024-03-07 17:41:08, next run time scheduled at 2024-03-07 17:41:09
2024-03-07 17:41:18,458: root: INFO: BuyOnDrop : Executing the on_trading_iteration lifecycle method at 2024-03-07 17:41:18
2024-03-07 17:41:18,552: root: INFO: BuyOnDrop : Trading iteration ended at 2024-03-07 17:41:18, next run time scheduled at 2024-03-07 17:41:19
2024-03-07 17:41:29,640: root: INFO: BuyOnDrop : Executing the on_trading_iteration lifecycle method at 2024-03-07 17:41:29
2024-03-07 17:41:29,777: root: INFO: BuyOnDrop : Trading iteration ended at 2024-03-07 17:41:29, next run time scheduled at 2024-03-07 17:41:30
2024-03-07 17:41:39,463: root: INFO: BuyOnDrop : Executing the on_trading_iteration lifecycle method at 2024-03-07 17:41:39
2024-03-07 17:41:39,558: root: INFO: BuyOnDrop : Trading iteration ended at 2024-03-07 17:41:39, next run time scheduled at 2024-03-07 17:41:40
2024-03-07 17:41:48,735: root: INFO: BuyOnDrop : Executing the on_abrupt_closing event method
2024-03-07 17:41:48,773: root: INFO: BuyOnDrop : --- BuyOnDrop Strategy Performance  ---
2024-03-07 17:41:48,784: root: INFO: BuyOnDrop : Total Return: -0.08%
2024-03-07 17:41:48,784: root: INFO: BuyOnDrop : CAGR 0.00%
2024-03-07 17:41:48,784: root: INFO: BuyOnDrop : Volatility 0.00%
2024-03-07 17:41:48,784: root: INFO: BuyOnDrop : Sharpe 0.00
2024-03-07 17:41:48,784: root: INFO: BuyOnDrop : Max Drawdown 0.10% on 2024-03-07
2024-03-07 17:41:48,784: root: INFO: BuyOnDrop : RoMaD 0.00%
2024-03-07 17:41:48,784: root: INFO: Trading finished
2024-03-07 17:41:49,897: root: INFO: Sleeping until the market closes
2024-03-07 17:41:50,437: root: INFO: Sleeping until the market closes
